<?xml version="1.0" encoding="UTF-8"?>
<!-- Generated by org.testng.reporters.JUnitXMLReporter -->
<testsuite ignored="0" hostname="DESKTOP-SG8RLN7" failures="0" tests="3" name="Flight Booking Firefox" time="78.907" errors="0" timestamp="2026-06-12T11:46:13 IST">
  <testcase classname="tests.FlightBookingTest" name="bookFlight" time="15.416"/>
  <testcase classname="tests.FlightBookingTest" name="bookFlight" time="15.649"/>
  <testcase classname="tests.FlightBookingTest" name="bookFlight" time="16.927"/>
</testsuite> <!-- Flight Booking Firefox -->
