<?xml version="1.0" encoding="UTF-8"?>
<!-- Generated by org.testng.reporters.JUnitXMLReporter -->
<testsuite ignored="0" hostname="DESKTOP-SG8RLN7" failures="0" tests="3" name="FlightBooking" time="61.616" errors="0" timestamp="2026-06-12T11:28:30 IST">
  <testcase classname="tests.FlightBookingTest" name="bookFlight" time="17.937"/>
  <testcase classname="tests.FlightBookingTest" name="bookFlight" time="17.718"/>
  <testcase classname="tests.FlightBookingTest" name="bookFlight" time="17.915"/>
</testsuite> <!-- FlightBooking -->
