<?xml version="1.0" encoding="UTF-8"?>
<!-- Generated by org.testng.reporters.JUnitReportReporter -->
<testsuite hostname="DESKTOP-SG8RLN7" failures="0" tests="3" name="tests.FlightBookingTest" time="77.575" errors="0" timestamp="2026-06-12T11:46:13 IST" skipped="0">
  <testcase classname="tests.FlightBookingTest" name="bookFlight" time="22.738"/>
  <testcase classname="tests.FlightBookingTest" name="bookFlight" time="31.061"/>
  <testcase classname="tests.FlightBookingTest" name="bookFlight" time="23.776"/>
</testsuite> <!-- tests.FlightBookingTest -->
